GC Precious Log:
 CardTable entry size: 512
 Card Set container configuration: InlinePtr #cards 5 size 8 Array Of Cards #cards 12 size 40 Howl #buckets 4 coarsen threshold 1843 Howl Bitmap #cards 512 size 80 coarsen threshold 460 Card regions per heap region 1 cards per card region 2048
 CPUs: 4 total, 4 available
 Memory: 3835M
 Large Page Support: Disabled
 NUMA Support: Disabled
 Compressed Oops: Enabled (32-bit)
 Heap Region Size: 1M
 Heap Min Capacity: 8M
 Heap Initial Capacity: 60M
 Heap Max Capacity: 960M
 Pre-touch: Disabled
 Parallel Workers: 4
 Concurrent Workers: 1
 Concurrent Refinement Workers: 4
 Periodic GC: Disabled
Heap:
 garbage-first heap   total 60416K, used 38255K [0x00000000c4000000, 0x0000000100000000)
  region size 1024K, 12 young (12288K), 4 survivors (4096K)
 Metaspace       used 47683K, committed 48384K, reserved 1114112K
  class space    used 6714K, committed 7040K, reserved 1048576K
GC Heap History (20 events):
Event: 3.240 GC heap before
{Heap before GC invocations=2 (full 0):
 garbage-first heap   total 61440K, used 31028K [0x00000000c4000000, 0x0000000100000000)
  region size 1024K, 24 young (24576K), 2 survivors (2048K)
 Metaspace       used 10923K, committed 11264K, reserved 1114112K
  class space    used 1441K, committed 1600K, reserved 1048576K
}
Event: 3.245 GC heap after
{Heap after GC invocations=3 (full 0):
 garbage-first heap   total 61440K, used 9688K [0x00000000c4000000, 0x0000000100000000)
  region size 1024K, 2 young (2048K), 2 survivors (2048K)
 Metaspace       used 10923K, committed 11264K, reserved 1114112K
  class space    used 1441K, committed 1600K, reserved 1048576K
}
Event: 4.347 GC heap before
{Heap before GC invocations=3 (full 0):
 garbage-first heap   total 61440K, used 43480K [0x00000000c4000000, 0x0000000100000000)
  region size 1024K, 36 young (36864K), 2 survivors (2048K)
 Metaspace       used 18476K, committed 18880K, reserved 1114112K
  class space    used 2454K, committed 2624K, reserved 1048576K
}
Event: 4.357 GC heap after
{Heap after GC invocations=4 (full 0):
 garbage-first heap   total 61440K, used 11688K [0x00000000c4000000, 0x0000000100000000)
  region size 1024K, 4 young (4096K), 4 survivors (4096K)
 Metaspace       used 18476K, committed 18880K, reserved 1114112K
  class space    used 2454K, committed 2624K, reserved 1048576K
}
Event: 5.522 GC heap before
{Heap before GC invocations=4 (full 0):
 garbage-first heap   total 61440K, used 34216K [0x00000000c4000000, 0x0000000100000000)
  region size 1024K, 28 young (28672K), 4 survivors (4096K)
 Metaspace       used 21058K, committed 21440K, reserved 1114112K
  class space    used 2779K, committed 2944K, reserved 1048576K
}
Event: 5.529 GC heap after
{Heap after GC invocations=5 (full 0):
 garbage-first heap   total 61440K, used 14617K [0x00000000c4000000, 0x0000000100000000)
  region size 1024K, 5 young (5120K), 5 survivors (5120K)
 Metaspace       used 21058K, committed 21440K, reserved 1114112K
  class space    used 2779K, committed 2944K, reserved 1048576K
}
Event: 7.105 GC heap before
{Heap before GC invocations=6 (full 0):
 garbage-first heap   total 55296K, used 42265K [0x00000000c4000000, 0x0000000100000000)
  region size 1024K, 32 young (32768K), 5 survivors (5120K)
 Metaspace       used 24540K, committed 24960K, reserved 1114112K
  class space    used 3370K, committed 3584K, reserved 1048576K
}
Event: 7.113 GC heap after
{Heap after GC invocations=7 (full 0):
 garbage-first heap   total 55296K, used 15399K [0x00000000c4000000, 0x0000000100000000)
  region size 1024K, 2 young (2048K), 2 survivors (2048K)
 Metaspace       used 24540K, committed 24960K, reserved 1114112K
  class space    used 3370K, committed 3584K, reserved 1048576K
}
Event: 9.157 GC heap before
{Heap before GC invocations=7 (full 0):
 garbage-first heap   total 55296K, used 44071K [0x00000000c4000000, 0x0000000100000000)
  region size 1024K, 30 young (30720K), 2 survivors (2048K)
 Metaspace       used 28753K, committed 29312K, reserved 1114112K
  class space    used 4016K, committed 4288K, reserved 1048576K
}
Event: 9.163 GC heap after
{Heap after GC invocations=8 (full 0):
 garbage-first heap   total 55296K, used 18043K [0x00000000c4000000, 0x0000000100000000)
  region size 1024K, 4 young (4096K), 4 survivors (4096K)
 Metaspace       used 28753K, committed 29312K, reserved 1114112K
  class space    used 4016K, committed 4288K, reserved 1048576K
}
Event: 9.746 GC heap before
{Heap before GC invocations=8 (full 0):
 garbage-first heap   total 55296K, used 51835K [0x00000000c4000000, 0x0000000100000000)
  region size 1024K, 31 young (31744K), 4 survivors (4096K)
 Metaspace       used 31270K, committed 31872K, reserved 1114112K
  class space    used 4273K, committed 4544K, reserved 1048576K
}
Event: 9.755 GC heap after
{Heap after GC invocations=9 (full 0):
 garbage-first heap   total 60416K, used 22036K [0x00000000c4000000, 0x0000000100000000)
  region size 1024K, 4 young (4096K), 4 survivors (4096K)
 Metaspace       used 31270K, committed 31872K, reserved 1114112K
  class space    used 4273K, committed 4544K, reserved 1048576K
}
Event: 10.401 GC heap before
{Heap before GC invocations=9 (full 0):
 garbage-first heap   total 60416K, used 40468K [0x00000000c4000000, 0x0000000100000000)
  region size 1024K, 23 young (23552K), 4 survivors (4096K)
 Metaspace       used 35162K, committed 35776K, reserved 1114112K
  class space    used 4864K, committed 5184K, reserved 1048576K
}
Event: 10.409 GC heap after
{Heap after GC invocations=10 (full 0):
 garbage-first heap   total 60416K, used 23889K [0x00000000c4000000, 0x0000000100000000)
  region size 1024K, 2 young (2048K), 2 survivors (2048K)
 Metaspace       used 35162K, committed 35776K, reserved 1114112K
  class space    used 4864K, committed 5184K, reserved 1048576K
}
Event: 11.178 GC heap before
{Heap before GC invocations=11 (full 0):
 garbage-first heap   total 60416K, used 50513K [0x00000000c4000000, 0x0000000100000000)
  region size 1024K, 28 young (28672K), 2 survivors (2048K)
 Metaspace       used 38575K, committed 39232K, reserved 1114112K
  class space    used 5419K, committed 5696K, reserved 1048576K
}
Event: 11.184 GC heap after
{Heap after GC invocations=12 (full 0):
 garbage-first heap   total 60416K, used 26254K [0x00000000c4000000, 0x0000000100000000)
  region size 1024K, 4 young (4096K), 4 survivors (4096K)
 Metaspace       used 38575K, committed 39232K, reserved 1114112K
  class space    used 5419K, committed 5696K, reserved 1048576K
}
Event: 12.635 GC heap before
{Heap before GC invocations=12 (full 0):
 garbage-first heap   total 60416K, used 50830K [0x00000000c4000000, 0x0000000100000000)
  region size 1024K, 28 young (28672K), 4 survivors (4096K)
 Metaspace       used 41257K, committed 41984K, reserved 1114112K
  class space    used 5815K, committed 6144K, reserved 1048576K
}
Event: 12.644 GC heap after
{Heap after GC invocations=13 (full 0):
 garbage-first heap   total 60416K, used 27986K [0x00000000c4000000, 0x0000000100000000)
  region size 1024K, 3 young (3072K), 3 survivors (3072K)
 Metaspace       used 41257K, committed 41984K, reserved 1114112K
  class space    used 5815K, committed 6144K, reserved 1048576K
}
Event: 13.597 GC heap before
{Heap before GC invocations=13 (full 0):
 garbage-first heap   total 60416K, used 50514K [0x00000000c4000000, 0x0000000100000000)
  region size 1024K, 26 young (26624K), 3 survivors (3072K)
 Metaspace       used 46093K, committed 46848K, reserved 1114112K
  class space    used 6500K, committed 6848K, reserved 1048576K
}
Event: 13.605 GC heap after
{Heap after GC invocations=14 (full 0):
 garbage-first heap   total 60416K, used 31087K [0x00000000c4000000, 0x0000000100000000)
  region size 1024K, 4 young (4096K), 4 survivors (4096K)
 Metaspace       used 46093K, committed 46848K, reserved 1114112K
  class space    used 6500K, committed 6848K, reserved 1048576K
}

